Determining if the pthread_create exist failed with the following output:
Change Dir: /home/jerr/Downloads/penntest/build/release/CMakeFiles/CMakeTmp

Run Build Command:"/usr/bin/make" "cmTC_56a46/fast"
make[1]: Entering directory '/home/jerr/Downloads/penntest/build/release/CMakeFiles/CMakeTmp'
/usr/bin/make -f CMakeFiles/cmTC_56a46.dir/build.make CMakeFiles/cmTC_56a46.dir/build
make[2]: Entering directory '/home/jerr/Downloads/penntest/build/release/CMakeFiles/CMakeTmp'
Building C object CMakeFiles/cmTC_56a46.dir/CheckSymbolExists.c.o
/usr/bin/cc    -std=c11  -Wall -Wextra -Wpointer-arith -Wundef -Wvla -Wwrite-strings -Werror -Wno-error=extra -Wno-error=unused-function -Wno-error=deprecated-declarations -Wno-error=sign-compare -Wno-error=strict-aliasing -Wno-error=type-limits -Wno-unused-parameter -Wno-error=unused-variable -Wno-error=undef -Wno-error=uninitialized -Wno-error=unused-result -Wlogical-op -Wno-error=maybe-uninitialized -Wno-error=clobbered -Wno-error=unused-but-set-variable -Wno-error=odr -Waggregate-return -Wnested-externs -Wold-style-definition -Wstrict-prototypes -march=native -maes    -o CMakeFiles/cmTC_56a46.dir/CheckSymbolExists.c.o   -c /home/jerr/Downloads/penntest/build/release/CMakeFiles/CMakeTmp/CheckSymbolExists.c
Linking C executable cmTC_56a46
/usr/bin/cmake -E cmake_link_script CMakeFiles/cmTC_56a46.dir/link.txt --verbose=1
/usr/bin/cc   -std=c11  -Wall -Wextra -Wpointer-arith -Wundef -Wvla -Wwrite-strings -Werror -Wno-error=extra -Wno-error=unused-function -Wno-error=deprecated-declarations -Wno-error=sign-compare -Wno-error=strict-aliasing -Wno-error=type-limits -Wno-unused-parameter -Wno-error=unused-variable -Wno-error=undef -Wno-error=uninitialized -Wno-error=unused-result -Wlogical-op -Wno-error=maybe-uninitialized -Wno-error=clobbered -Wno-error=unused-but-set-variable -Wno-error=odr -Waggregate-return -Wnested-externs -Wold-style-definition -Wstrict-prototypes -march=native -maes     CMakeFiles/cmTC_56a46.dir/CheckSymbolExists.c.o  -o cmTC_56a46 -rdynamic 
CMakeFiles/cmTC_56a46.dir/CheckSymbolExists.c.o: In function `main':
CheckSymbolExists.c:(.text+0x16): undefined reference to `pthread_create'
collect2: error: ld returned 1 exit status
CMakeFiles/cmTC_56a46.dir/build.make:97: recipe for target 'cmTC_56a46' failed
make[2]: *** [cmTC_56a46] Error 1
make[2]: Leaving directory '/home/jerr/Downloads/penntest/build/release/CMakeFiles/CMakeTmp'
Makefile:126: recipe for target 'cmTC_56a46/fast' failed
make[1]: *** [cmTC_56a46/fast] Error 2
make[1]: Leaving directory '/home/jerr/Downloads/penntest/build/release/CMakeFiles/CMakeTmp'

File /home/jerr/Downloads/penntest/build/release/CMakeFiles/CMakeTmp/CheckSymbolExists.c:
/* */
#include <pthread.h>

int main(int argc, char** argv)
{
  (void)argv;
#ifndef pthread_create
  return ((int*)(&pthread_create))[argc];
#else
  (void)argc;
  return 0;
#endif
}

Determining if the function pthread_create exists in the pthreads failed with the following output:
Change Dir: /home/jerr/Downloads/penntest/build/release/CMakeFiles/CMakeTmp

Run Build Command:"/usr/bin/make" "cmTC_0cd0e/fast"
make[1]: Entering directory '/home/jerr/Downloads/penntest/build/release/CMakeFiles/CMakeTmp'
/usr/bin/make -f CMakeFiles/cmTC_0cd0e.dir/build.make CMakeFiles/cmTC_0cd0e.dir/build
make[2]: Entering directory '/home/jerr/Downloads/penntest/build/release/CMakeFiles/CMakeTmp'
Building C object CMakeFiles/cmTC_0cd0e.dir/CheckFunctionExists.c.o
/usr/bin/cc    -std=c11  -Wall -Wextra -Wpointer-arith -Wundef -Wvla -Wwrite-strings -Werror -Wno-error=extra -Wno-error=unused-function -Wno-error=deprecated-declarations -Wno-error=sign-compare -Wno-error=strict-aliasing -Wno-error=type-limits -Wno-unused-parameter -Wno-error=unused-variable -Wno-error=undef -Wno-error=uninitialized -Wno-error=unused-result -Wlogical-op -Wno-error=maybe-uninitialized -Wno-error=clobbered -Wno-error=unused-but-set-variable -Wno-error=odr -Waggregate-return -Wnested-externs -Wold-style-definition -Wstrict-prototypes -march=native -maes -DCHECK_FUNCTION_EXISTS=pthread_create   -o CMakeFiles/cmTC_0cd0e.dir/CheckFunctionExists.c.o   -c /usr/share/cmake-3.5/Modules/CheckFunctionExists.c
/usr/share/cmake-3.5/Modules/CheckFunctionExists.c:6:1: error: function declaration isn’t a prototype [-Werror=strict-prototypes]
 char CHECK_FUNCTION_EXISTS();
 ^
cc1: all warnings being treated as errors
CMakeFiles/cmTC_0cd0e.dir/build.make:65: recipe for target 'CMakeFiles/cmTC_0cd0e.dir/CheckFunctionExists.c.o' failed
make[2]: *** [CMakeFiles/cmTC_0cd0e.dir/CheckFunctionExists.c.o] Error 1
make[2]: Leaving directory '/home/jerr/Downloads/penntest/build/release/CMakeFiles/CMakeTmp'
Makefile:126: recipe for target 'cmTC_0cd0e/fast' failed
make[1]: *** [cmTC_0cd0e/fast] Error 2
make[1]: Leaving directory '/home/jerr/Downloads/penntest/build/release/CMakeFiles/CMakeTmp'


Determining if the function pthread_create exists in the pthread failed with the following output:
Change Dir: /home/jerr/Downloads/penntest/build/release/CMakeFiles/CMakeTmp

Run Build Command:"/usr/bin/make" "cmTC_91b5d/fast"
make[1]: Entering directory '/home/jerr/Downloads/penntest/build/release/CMakeFiles/CMakeTmp'
/usr/bin/make -f CMakeFiles/cmTC_91b5d.dir/build.make CMakeFiles/cmTC_91b5d.dir/build
make[2]: Entering directory '/home/jerr/Downloads/penntest/build/release/CMakeFiles/CMakeTmp'
Building C object CMakeFiles/cmTC_91b5d.dir/CheckFunctionExists.c.o
/usr/bin/cc    -std=c11  -Wall -Wextra -Wpointer-arith -Wundef -Wvla -Wwrite-strings -Werror -Wno-error=extra -Wno-error=unused-function -Wno-error=deprecated-declarations -Wno-error=sign-compare -Wno-error=strict-aliasing -Wno-error=type-limits -Wno-unused-parameter -Wno-error=unused-variable -Wno-error=undef -Wno-error=uninitialized -Wno-error=unused-result -Wlogical-op -Wno-error=maybe-uninitialized -Wno-error=clobbered -Wno-error=unused-but-set-variable -Wno-error=odr -Waggregate-return -Wnested-externs -Wold-style-definition -Wstrict-prototypes -march=native -maes -DCHECK_FUNCTION_EXISTS=pthread_create   -o CMakeFiles/cmTC_91b5d.dir/CheckFunctionExists.c.o   -c /usr/share/cmake-3.5/Modules/CheckFunctionExists.c
/usr/share/cmake-3.5/Modules/CheckFunctionExists.c:6:1: error: function declaration isn’t a prototype [-Werror=strict-prototypes]
 char CHECK_FUNCTION_EXISTS();
 ^
cc1: all warnings being treated as errors
CMakeFiles/cmTC_91b5d.dir/build.make:65: recipe for target 'CMakeFiles/cmTC_91b5d.dir/CheckFunctionExists.c.o' failed
make[2]: *** [CMakeFiles/cmTC_91b5d.dir/CheckFunctionExists.c.o] Error 1
make[2]: Leaving directory '/home/jerr/Downloads/penntest/build/release/CMakeFiles/CMakeTmp'
Makefile:126: recipe for target 'cmTC_91b5d/fast' failed
make[1]: *** [cmTC_91b5d/fast] Error 2
make[1]: Leaving directory '/home/jerr/Downloads/penntest/build/release/CMakeFiles/CMakeTmp'


